
Showing logs for build [32mcb-kubecd-environment-pr-115-3-dd9t4-1[0m stage [32mfrom-build-pack[0m and container [32mstep-credential-initializer-22bk8[0m
{"level":"warn","ts":1576759644.1968813,"logger":"fallback-logger","caller":"logging/config.go:69","msg":"Fetch GitHub commit ID from kodata failed: \"ref: refs/heads/master\" is not a valid GitHub commit ID"}
{"level":"info","ts":1576759644.1975071,"logger":"fallback-logger","caller":"creds-init/main.go:40","msg":"Credentials initialized."}

Showing logs for build [32mcb-kubecd-environment-pr-115-3-dd9t4-1[0m stage [32mfrom-build-pack[0m and container [32mstep-working-dir-initializer-jwlkw[0m
{"level":"warn","ts":1576759645.180214,"logger":"fallback-logger","caller":"logging/config.go:69","msg":"Fetch GitHub commit ID from kodata failed: open /var/run/ko/HEAD: no such file or directory"}
{"level":"info","ts":1576759645.185315,"logger":"fallback-logger","caller":"bash/main.go:65","msg":"Successfully executed command \"mkdir -p /workspace/source\""}

Showing logs for build [32mcb-kubecd-environment-pr-115-3-dd9t4-1[0m stage [32mfrom-build-pack[0m and container [32mstep-place-tools[0m

Showing logs for build [32mcb-kubecd-environment-pr-115-3-dd9t4-1[0m stage [32mfrom-build-pack[0m and container [32mstep-git-source-cb-kubecd-environment-pr-115-3-5tnhv[0m
{"level":"warn","ts":1576759650.244301,"logger":"fallback-logger","caller":"logging/config.go:69","msg":"Fetch GitHub commit ID from kodata failed: \"ref: refs/heads/master\" is not a valid GitHub commit ID"}
{"level":"info","ts":1576759651.4023547,"logger":"fallback-logger","caller":"git/git.go:102","msg":"Successfully cloned https://github.com/cb-kubecd/environment-pr-115-3-gke-upgrade-production.git @ master in path /workspace/source"}

Showing logs for build [32mcb-kubecd-environment-pr-115-3-dd9t4-1[0m stage [32mfrom-build-pack[0m and container [32mstep-git-merge[0m
Using SHAs from PULL_REFS=master:ed3f755ec9ddb08dc69412ae13256d71b1c254fa,1:a92a61e2784012bef85a1974d4daf4c80f0ea38d
DEBUG: ran git fetch --unshallow origin a92a61e2784012bef85a1974d4daf4c80f0ea38d: ed3f755ec9ddb08dc69412ae13256d71b1c254fa: in 
DEBUG: ran git checkout master in 
DEBUG: ran git reset --hard ed3f755ec9ddb08dc69412ae13256d71b1c254fa in 
DEBUG: ran clean --force -d . in 
DEBUG: ran git merge a92a61e2784012bef85a1974d4daf4c80f0ea38d in 
Merged SHA a92a61e2784012bef85a1974d4daf4c80f0ea38d with commit message 'chore: Promote bdd-spring-1576758800 to version 0.0.1' into base branch master

Showing logs for build [32mcb-kubecd-environment-pr-115-3-dd9t4-1[0m stage [32mfrom-build-pack[0m and container [32mstep-build-helm-build[0m
WARNING: No $CHART_REPOSITORY defined so using the default value of: http://jenkins-x-chartmuseum:8080
Adding missing Helm repo: storage.googleapis.com https://storage.googleapis.com/chartmuseum.jenkins-x.io
WARNING: No secrets found on "helm/repos" due: reading the secret "helm/repos" from vault: no secret "helm/repos" not found in vault
Read credentials for https://storage.googleapis.com/chartmuseum.jenkins-x.io from vault helm/repos
Successfully added Helm repository storage.googleapis.com.
Adding missing Helm repo: jenkins-x-chartmuseum http://jenkins-x-chartmuseum:8080
WARNING: No secrets found on "helm/repos" due: reading the secret "helm/repos" from vault: no secret "helm/repos" not found in vault
Read credentials for http://jenkins-x-chartmuseum:8080 from vault helm/repos
Successfully added Helm repository jenkins-x-chartmuseum.
WARNING: No $CHART_REPOSITORY defined so using the default value of: http://jenkins-x-chartmuseum:8080
Adding missing Helm repo: chartmuseum.jenkins-x.io http://chartmuseum.jenkins-x.io
WARNING: No secrets found on "helm/repos" due: reading the secret "helm/repos" from vault: no secret "helm/repos" not found in vault
Read credentials for http://chartmuseum.jenkins-x.io from vault helm/repos
Successfully added Helm repository chartmuseum.jenkins-x.io.
